<?xml version="1.0" encoding="UTF-8"?>
<!-- Generated by org.testng.reporters.JUnitXMLReporter -->
<testsuite ignored="0" hostname="Prasannakumar" failures="0" tests="10" name="Test" time="0.035" errors="0" timestamp="03 Jul 2024 15:14:28 GMT">
  <testcase classname="demoscript.A" name="m2" time="0.008"/>
  <testcase classname="demoscript.A" name="m3" time="0.001"/>
  <testcase classname="demoscript.B" name="m6" time="0.001"/>
  <testcase classname="demoscript.B" name="m7" time="0.001"/>
  <testcase classname="demoscript.C" name="m10" time="0.001"/>
  <testcase classname="demoscript.A" name="m1" time="0.001"/>
  <testcase classname="demoscript.A" name="m4" time="0.002"/>
  <testcase classname="demoscript.B" name="m5" time="0.001"/>
  <testcase classname="demoscript.B" name="m8" time="0.001"/>
  <testcase classname="demoscript.C" name="m9" time="0.0"/>
</testsuite> <!-- Test -->
