<?xml version="1.0" encoding="UTF-8"?>
<testng-results ignored="0" total="2" passed="2" failed="0" skipped="0">
  <reporter-output>
  </reporter-output>
  <suite started-at="2024-09-08T07:25:38Z" name="Default suite" finished-at="2024-09-08T07:25:52Z" duration-ms="14432">
    <groups>
    </groups>
    <test started-at="2024-09-08T07:25:38Z" name="Default test" finished-at="2024-09-08T07:25:52Z" duration-ms="14432">
      <class name="testpage.LoginTestpage">
        <test-method signature="verifylogin(java.lang.String, java.lang.String)[pri:0, instance:testpage.LoginTestpage@626abbd0]" started-at="2024-09-08T12:55:38Z" name="verifylogin" data-provider="testdata" finished-at="2024-09-08T12:55:44Z" duration-ms="5820" status="PASS">
          <params>
            <param index="0">
              <value>
                <![CDATA[abc]]>
              </value>
            </param>
            <param index="1">
              <value>
                <![CDATA[abc123]]>
              </value>
            </param>
          </params>
          <reporter-output>
          </reporter-output>
        </test-method> <!-- verifylogin -->
        <test-method signature="verifylogin(java.lang.String, java.lang.String)[pri:0, instance:testpage.LoginTestpage@626abbd0]" started-at="2024-09-08T12:55:44Z" name="verifylogin" data-provider="testdata" finished-at="2024-09-08T12:55:52Z" duration-ms="8597" status="PASS">
          <params>
            <param index="0">
              <value>
                <![CDATA[student]]>
              </value>
            </param>
            <param index="1">
              <value>
                <![CDATA[Password123]]>
              </value>
            </param>
          </params>
          <reporter-output>
          </reporter-output>
        </test-method> <!-- verifylogin -->
      </class> <!-- testpage.LoginTestpage -->
    </test> <!-- Default test -->
  </suite> <!-- Default suite -->
</testng-results>
